<?xml version="1.0" encoding="UTF-8"?>
<coverage generated="1741714401045" clover="3.2.0">
  <project timestamp="1741714401045" name="All files">
    <metrics statements="29" coveredstatements="29" conditionals="17" coveredconditionals="16" methods="10" coveredmethods="9" elements="56" coveredelements="54" complexity="0" loc="29" ncloc="29" packages="2" files="2" classes="2"/>
    <package name="dist.src.api.utils">
      <metrics statements="19" coveredstatements="19" conditionals="15" coveredconditionals="14" methods="9" coveredmethods="8"/>
      <file name="validateFileType.js" path="/Users/ianlove/Documents/dropdev/pano/pano-fix/pano-api-ts/dist/src/api/utils/validateFileType.js">
        <metrics statements="19" coveredstatements="19" conditionals="15" coveredconditionals="14" methods="9" coveredmethods="8"/>
        <line num="2" count="1" type="cond" truecount="3" falsecount="0"/>
        <line num="3" count="5" type="cond" truecount="1" falsecount="1"/>
        <line num="4" count="5" type="cond" truecount="2" falsecount="0"/>
        <line num="5" count="4" type="stmt"/>
        <line num="6" count="1" type="stmt"/>
        <line num="7" count="9" type="cond" truecount="2" falsecount="0"/>
        <line num="8" count="5" type="cond" truecount="2" falsecount="0"/>
        <line num="11" count="1" type="stmt"/>
        <line num="12" count="1" type="stmt"/>
        <line num="14" count="5" type="stmt"/>
        <line num="15" count="5" type="stmt"/>
        <line num="16" count="4" type="cond" truecount="2" falsecount="0"/>
        <line num="17" count="1" type="stmt"/>
        <line num="18" count="1" type="stmt"/>
        <line num="21" count="3" type="stmt"/>
        <line num="22" count="3" type="cond" truecount="2" falsecount="0"/>
        <line num="23" count="1" type="stmt"/>
        <line num="24" count="1" type="stmt"/>
        <line num="26" count="2" type="stmt"/>
      </file>
    </package>
    <package name="src.api.utils">
      <metrics statements="10" coveredstatements="10" conditionals="2" coveredconditionals="2" methods="1" coveredmethods="1"/>
      <file name="validateFileType.ts" path="/Users/ianlove/Documents/dropdev/pano/pano-fix/pano-api-ts/src/api/utils/validateFileType.ts">
        <metrics statements="10" coveredstatements="10" conditionals="2" coveredconditionals="2" methods="1" coveredmethods="1"/>
        <line num="4" count="1" type="stmt"/>
        <line num="5" count="5" type="stmt"/>
        <line num="6" count="4" type="cond" truecount="1" falsecount="0"/>
        <line num="7" count="1" type="stmt"/>
        <line num="8" count="1" type="stmt"/>
        <line num="11" count="3" type="stmt"/>
        <line num="13" count="3" type="cond" truecount="1" falsecount="0"/>
        <line num="14" count="1" type="stmt"/>
        <line num="15" count="1" type="stmt"/>
        <line num="18" count="2" type="stmt"/>
      </file>
    </package>
  </project>
</coverage>
