TN:
SF:dist/src/api/utils/validateFileType.js
FN:2,(anonymous_0)
FN:3,adopt
FN:3,(anonymous_2)
FN:4,(anonymous_3)
FN:5,fulfilled
FN:6,rejected
FN:7,step
FN:13,validateFileType
FN:14,(anonymous_8)
FNF:9
FNH:8
FNDA:5,(anonymous_0)
FNDA:5,adopt
FNDA:0,(anonymous_2)
FNDA:5,(anonymous_3)
FNDA:4,fulfilled
FNDA:1,rejected
FNDA:9,step
FNDA:5,validateFileType
FNDA:5,(anonymous_8)
DA:2,1
DA:3,5
DA:4,5
DA:5,4
DA:6,1
DA:7,9
DA:8,5
DA:11,1
DA:12,1
DA:14,5
DA:15,5
DA:16,4
DA:17,1
DA:18,1
DA:21,3
DA:22,3
DA:23,1
DA:24,1
DA:26,2
LF:19
LH:19
BRDA:2,0,0,1
BRDA:2,0,1,1
BRDA:2,0,2,1
BRDA:3,1,0,5
BRDA:3,1,1,0
BRDA:4,2,0,5
BRDA:4,2,1,5
BRDA:7,3,0,4
BRDA:7,3,1,5
BRDA:8,4,0,5
BRDA:8,4,1,5
BRDA:16,5,0,1
BRDA:16,5,1,3
BRDA:22,6,0,1
BRDA:22,6,1,2
BRF:15
BRH:14
end_of_record
TN:
SF:src/api/utils/validateFileType.ts
FN:4,validateFileType
FNF:1
FNH:1
FNDA:5,validateFileType
DA:4,1
DA:5,5
DA:6,4
DA:7,1
DA:8,1
DA:11,3
DA:13,3
DA:14,1
DA:15,1
DA:18,2
LF:10
LH:10
BRDA:6,0,0,1
BRDA:13,1,0,1
BRF:2
BRH:2
end_of_record
